<?xml version="1.0" encoding="UTF-8"?>
<!-- Generated by org.testng.reporters.JUnitReportReporter -->
<testsuite skipped="0" hostname="DESKTOP-89RE8V9" name="Testcases.LoginTestCases" tests="3" failures="0" timestamp="17 Mar 2023 20:45:03 GMT" time="83.795" errors="0">
  <testcase name="InvalidLoginTestCase" time="29.310" classname="Testcases.LoginTestCases"/>
  <testcase name="LoginThenLogOutTestCase" time="30.781" classname="Testcases.LoginTestCases"/>
  <testcase name="ValidLoginTestCase" time="23.704" classname="Testcases.LoginTestCases"/>
</testsuite> <!-- Testcases.LoginTestCases -->
