<?xml version="1.0" encoding="UTF-8"?>
<!-- Generated by org.testng.reporters.JUnitReportReporter -->
<testsuite skipped="0" hostname="DESKTOP-89RE8V9" name="Testcases.MyCartTestCases" tests="5" failures="0" timestamp="03 Feb 2023 13:25:05 GMT" time="72.831" errors="0">
  <testcase name="ChooseProductandremoveit" time="23.491" classname="Testcases.MyCartTestCases"/>
  <testcase name="ValidateCheckOutValidations" time="9.161" classname="Testcases.MyCartTestCases"/>
  <testcase name="ValidateOnAllProducts" time="8.006" classname="Testcases.MyCartTestCases"/>
  <testcase name="ChooseProductAndClickContinueShopping" time="17.634" classname="Testcases.MyCartTestCases"/>
  <testcase name="ValidateEndToEndWorkflow" time="14.539" classname="Testcases.MyCartTestCases"/>
</testsuite> <!-- Testcases.MyCartTestCases -->
