<?xml version="1.0" encoding="UTF-8"?>
<!-- Generated by org.testng.reporters.JUnitReportReporter -->
<testsuite skipped="0" hostname="DESKTOP-89RE8V9" name="Testcases.LoginTestCases" tests="3" failures="0" timestamp="03 Mar 2023 04:11:42 GMT" time="54.179" errors="0">
  <testcase name="ValidLoginTestCase" time="30.433" classname="Testcases.LoginTestCases"/>
  <testcase name="InvalidLoginTestCase" time="10.347" classname="Testcases.LoginTestCases"/>
  <testcase name="LoginThenLogOutTestCase" time="13.399" classname="Testcases.LoginTestCases"/>
</testsuite> <!-- Testcases.LoginTestCases -->
